::1 - - [03/Jul/2026 12:15:05] "GET / HTTP/1.1" 200 -
::1 - - [03/Jul/2026 12:15:05] code 404, message File not found
::1 - - [03/Jul/2026 12:15:05] "GET /favicon.ico HTTP/1.1" 404 -
::1 - - [03/Jul/2026 12:15:07] "GET / HTTP/1.1" 200 -
::1 - - [03/Jul/2026 12:15:07] code 404, message File not found
::1 - - [03/Jul/2026 12:15:07] "GET /favicon.ico HTTP/1.1" 404 -
::1 - - [03/Jul/2026 12:15:09] "GET / HTTP/1.1" 200 -
::1 - - [03/Jul/2026 12:15:09] code 404, message File not found
::1 - - [03/Jul/2026 12:15:09] "GET /favicon.ico HTTP/1.1" 404 -
::1 - - [03/Jul/2026 12:15:11] "GET /CLOUDeindex.html HTTP/1.1" 200 -
::1 - - [03/Jul/2026 12:15:11] code 404, message File not found
::1 - - [03/Jul/2026 12:15:11] "GET /brands/hermes.png HTTP/1.1" 404 -
::1 - - [03/Jul/2026 12:15:13] code 404, message File not found
::1 - - [03/Jul/2026 12:15:13] "GET /brands/hermes.png HTTP/1.1" 404 -
::1 - - [03/Jul/2026 12:15:23] "GET /HERMEsindex.html HTTP/1.1" 200 -
::1 - - [03/Jul/2026 12:15:23] code 404, message File not found
::1 - - [03/Jul/2026 12:15:23] "GET /hermes-assets/3d-force-graph.min.js HTTP/1.1" 404 -
::1 - - [03/Jul/2026 12:15:23] code 404, message File not found
::1 - - [03/Jul/2026 12:15:23] "GET /hermes-assets/portal-figure.webp HTTP/1.1" 404 -
::1 - - [03/Jul/2026 12:15:23] code 404, message File not found
::1 - - [03/Jul/2026 12:15:23] "GET /hermes-assets/feature-tasks.webp HTTP/1.1" 404 -
::1 - - [03/Jul/2026 12:15:23] code 404, message File not found
::1 - - [03/Jul/2026 12:15:23] code 404, message File not found
::1 - - [03/Jul/2026 12:15:23] "GET /hermes-assets/hero-art.webp HTTP/1.1" 404 -
::1 - - [03/Jul/2026 12:15:23] "GET /hermes-assets/icon.png HTTP/1.1" 404 -
::1 - - [03/Jul/2026 12:15:23] code 404, message File not found
::1 - - [03/Jul/2026 12:15:23] "GET /hermes-assets/nous.webp HTTP/1.1" 404 -
::1 - - [03/Jul/2026 12:15:23] code 404, message File not found
::1 - - [03/Jul/2026 12:15:23] "GET /hermes-assets/vendor/three.module.js HTTP/1.1" 404 -
::1 - - [03/Jul/2026 12:15:32] code 404, message File not found
::1 - - [03/Jul/2026 12:15:32] "GET /hermes-assets/feature-memory.webp HTTP/1.1" 404 -
::1 - - [03/Jul/2026 12:15:32] code 404, message File not found
::1 - - [03/Jul/2026 12:15:32] "GET /hermes-assets/icon.png HTTP/1.1" 404 -
::1 - - [03/Jul/2026 12:15:34] code 404, message File not found
::1 - - [03/Jul/2026 12:15:34] "GET /hermes-assets/feature-connect.webp HTTP/1.1" 404 -
::1 - - [03/Jul/2026 12:15:34] code 404, message File not found
::1 - - [03/Jul/2026 12:15:34] "GET /hermes-assets/feature-automation.webp HTTP/1.1" 404 -
::1 - - [03/Jul/2026 12:15:49] "GET / HTTP/1.1" 200 -
::1 - - [03/Jul/2026 12:15:49] code 404, message File not found
::1 - - [03/Jul/2026 12:15:49] "GET /favicon.ico HTTP/1.1" 404 -
::1 - - [03/Jul/2026 12:15:59] code 404, message File not found
::1 - - [03/Jul/2026 12:15:59] "GET /brands/hermes.png HTTP/1.1" 404 -
::1 - - [03/Jul/2026 12:16:01] code 404, message File not found
::1 - - [03/Jul/2026 12:16:01] "GET /brands/hermes.png HTTP/1.1" 404 -
::1 - - [03/Jul/2026 12:19:32] "GET /CLOUDeindex.html HTTP/1.1" 200 -
::1 - - [03/Jul/2026 12:19:33] code 404, message File not found
::1 - - [03/Jul/2026 12:19:33] "GET /brands/hermes.png HTTP/1.1" 404 -
::1 - - [03/Jul/2026 12:19:33] code 404, message File not found
::1 - - [03/Jul/2026 12:19:33] "GET /favicon.ico HTTP/1.1" 404 -
::1 - - [03/Jul/2026 12:20:08] "GET /CLOUDeindex.html HTTP/1.1" 200 -
::1 - - [03/Jul/2026 12:20:08] code 404, message File not found
::1 - - [03/Jul/2026 12:20:08] "GET /brands/hermes.png HTTP/1.1" 404 -
::1 - - [03/Jul/2026 12:20:08] code 404, message File not found
::1 - - [03/Jul/2026 12:20:08] "GET /favicon.ico HTTP/1.1" 404 -
::1 - - [03/Jul/2026 12:21:27] code 404, message File not found
::1 - - [03/Jul/2026 12:21:27] "GET /brands/hermes.png HTTP/1.1" 404 -
::1 - - [03/Jul/2026 12:21:54] "GET /CLOUDeindex.html HTTP/1.1" 200 -
::1 - - [03/Jul/2026 12:21:54] code 404, message File not found
::1 - - [03/Jul/2026 12:21:54] "GET /brands/hermes.png HTTP/1.1" 404 -
::1 - - [03/Jul/2026 12:21:54] code 404, message File not found
::1 - - [03/Jul/2026 12:21:54] "GET /favicon.ico HTTP/1.1" 404 -
::1 - - [03/Jul/2026 12:21:55] code 404, message File not found
::1 - - [03/Jul/2026 12:21:55] "GET /brands/hermes.png HTTP/1.1" 404 -
::1 - - [03/Jul/2026 12:21:59] "GET / HTTP/1.1" 200 -
::1 - - [03/Jul/2026 12:21:59] code 404, message File not found
::1 - - [03/Jul/2026 12:21:59] "GET /favicon.ico HTTP/1.1" 404 -
::1 - - [03/Jul/2026 12:23:14] "GET / HTTP/1.1" 200 -
::1 - - [03/Jul/2026 12:23:14] code 404, message File not found
::1 - - [03/Jul/2026 12:23:14] "GET /favicon.ico HTTP/1.1" 404 -
::1 - - [03/Jul/2026 12:24:41] "GET / HTTP/1.1" 200 -
::1 - - [03/Jul/2026 12:24:41] code 404, message File not found
::1 - - [03/Jul/2026 12:24:41] "GET /favicon.ico HTTP/1.1" 404 -
::1 - - [03/Jul/2026 12:27:12] "GET / HTTP/1.1" 200 -
::1 - - [03/Jul/2026 12:27:12] code 404, message File not found
::1 - - [03/Jul/2026 12:27:12] "GET /favicon.ico HTTP/1.1" 404 -
::1 - - [03/Jul/2026 12:27:13] "GET / HTTP/1.1" 200 -
::1 - - [03/Jul/2026 12:27:13] code 404, message File not found
::1 - - [03/Jul/2026 12:27:13] "GET /favicon.ico HTTP/1.1" 404 -
::1 - - [03/Jul/2026 12:27:13] "GET / HTTP/1.1" 200 -
::1 - - [03/Jul/2026 12:27:13] code 404, message File not found
::1 - - [03/Jul/2026 12:27:13] "GET /favicon.ico HTTP/1.1" 404 -
::1 - - [03/Jul/2026 12:27:14] "GET / HTTP/1.1" 200 -
::1 - - [03/Jul/2026 12:27:14] code 404, message File not found
::1 - - [03/Jul/2026 12:27:14] "GET /favicon.ico HTTP/1.1" 404 -
::1 - - [03/Jul/2026 12:27:14] "GET / HTTP/1.1" 200 -
::1 - - [03/Jul/2026 12:27:14] code 404, message File not found
::1 - - [03/Jul/2026 12:27:14] "GET /favicon.ico HTTP/1.1" 404 -
::1 - - [03/Jul/2026 12:27:14] "GET / HTTP/1.1" 200 -
::1 - - [03/Jul/2026 12:27:14] code 404, message File not found
::1 - - [03/Jul/2026 12:27:14] "GET /favicon.ico HTTP/1.1" 404 -
::1 - - [03/Jul/2026 12:28:45] "GET / HTTP/1.1" 200 -
::1 - - [03/Jul/2026 12:28:45] code 404, message File not found
::1 - - [03/Jul/2026 12:28:45] "GET /favicon.ico HTTP/1.1" 404 -
::1 - - [03/Jul/2026 12:28:46] "GET / HTTP/1.1" 200 -
::1 - - [03/Jul/2026 12:28:46] code 404, message File not found
::1 - - [03/Jul/2026 12:28:46] "GET /favicon.ico HTTP/1.1" 404 -
::1 - - [03/Jul/2026 13:01:33] "GET / HTTP/1.1" 200 -
::1 - - [03/Jul/2026 13:01:33] "GET /antygravity.jpeg HTTP/1.1" 200 -
::1 - - [03/Jul/2026 13:01:34] code 404, message File not found
::1 - - [03/Jul/2026 13:01:34] "GET /favicon.ico HTTP/1.1" 404 -
::1 - - [03/Jul/2026 13:01:49] "GET / HTTP/1.1" 200 -
::1 - - [03/Jul/2026 13:01:49] "GET /antygravity.jpeg HTTP/1.1" 200 -
::1 - - [03/Jul/2026 13:01:49] code 404, message File not found
::1 - - [03/Jul/2026 13:01:49] "GET /favicon.ico HTTP/1.1" 404 -
::1 - - [03/Jul/2026 13:01:50] "GET /ANTIGRAVITYindex.html HTTP/1.1" 200 -
::1 - - [03/Jul/2026 13:01:50] code 404, message File not found
::1 - - [03/Jul/2026 13:01:50] "GET /brands/hermes.png HTTP/1.1" 404 -
::1 - - [03/Jul/2026 13:01:56] code 404, message File not found
::1 - - [03/Jul/2026 13:01:56] "GET /brands/hermes.png HTTP/1.1" 404 -
::1 - - [03/Jul/2026 13:23:23] "GET / HTTP/1.1" 200 -
::1 - - [03/Jul/2026 13:23:23] "GET /antygravity.jpeg HTTP/1.1" 304 -
::1 - - [03/Jul/2026 13:23:23] code 404, message File not found
::1 - - [03/Jul/2026 13:23:23] "GET /favicon.ico HTTP/1.1" 404 -
::1 - - [03/Jul/2026 13:23:24] "GET / HTTP/1.1" 200 -
::1 - - [03/Jul/2026 13:23:24] "GET /antygravity.jpeg HTTP/1.1" 200 -
::1 - - [03/Jul/2026 13:23:24] code 404, message File not found
::1 - - [03/Jul/2026 13:23:24] "GET /favicon.ico HTTP/1.1" 404 -
::1 - - [03/Jul/2026 13:23:25] "GET /HERMEsindex.html HTTP/1.1" 200 -
::1 - - [03/Jul/2026 13:23:25] code 404, message File not found
::1 - - [03/Jul/2026 13:23:25] "GET /hermes-assets/3d-force-graph.min.js HTTP/1.1" 404 -
::1 - - [03/Jul/2026 13:23:25] code 404, message File not found
::1 - - [03/Jul/2026 13:23:25] "GET /hermes-assets/vendor/three.module.js HTTP/1.1" 404 -
::1 - - [03/Jul/2026 13:23:25] code 404, message File not found
::1 - - [03/Jul/2026 13:23:25] "GET /hermes-assets/portal-figure.webp HTTP/1.1" 404 -
::1 - - [03/Jul/2026 13:23:25] code 404, message File not found
::1 - - [03/Jul/2026 13:23:25] code 404, message File not found
::1 - - [03/Jul/2026 13:23:25] "GET /hermes-assets/feature-tasks.webp HTTP/1.1" 404 -
::1 - - [03/Jul/2026 13:23:25] code 404, message File not found
::1 - - [03/Jul/2026 13:23:25] "GET /hermes-assets/nous.webp HTTP/1.1" 404 -
::1 - - [03/Jul/2026 13:23:25] "GET /hermes-assets/icon.png HTTP/1.1" 404 -
::1 - - [03/Jul/2026 13:24:49] code 404, message File not found
::1 - - [03/Jul/2026 13:24:49] "GET /favicon.ico HTTP/1.1" 404 -
::1 - - [03/Jul/2026 13:24:50] "GET / HTTP/1.1" 200 -
::1 - - [03/Jul/2026 13:24:50] "GET /antygravity.jpeg HTTP/1.1" 200 -
::1 - - [03/Jul/2026 13:24:50] code 404, message File not found
::1 - - [03/Jul/2026 13:24:50] "GET /favicon.ico HTTP/1.1" 404 -
::1 - - [03/Jul/2026 13:24:51] "GET / HTTP/1.1" 200 -
::1 - - [03/Jul/2026 13:24:51] "GET /antygravity.jpeg HTTP/1.1" 200 -
::1 - - [03/Jul/2026 13:24:51] code 404, message File not found
::1 - - [03/Jul/2026 13:24:51] "GET /favicon.ico HTTP/1.1" 404 -
::1 - - [03/Jul/2026 13:25:39] "GET / HTTP/1.1" 200 -
::1 - - [03/Jul/2026 13:25:39] "GET /antygravity.jpeg HTTP/1.1" 200 -
::1 - - [03/Jul/2026 13:25:39] code 404, message File not found
::1 - - [03/Jul/2026 13:25:39] "GET /favicon.ico HTTP/1.1" 404 -
::1 - - [03/Jul/2026 13:25:40] "GET / HTTP/1.1" 200 -
::1 - - [03/Jul/2026 13:25:40] "GET /antygravity.jpeg HTTP/1.1" 200 -
::1 - - [03/Jul/2026 13:25:40] code 404, message File not found
::1 - - [03/Jul/2026 13:25:40] "GET /favicon.ico HTTP/1.1" 404 -
::1 - - [03/Jul/2026 13:25:41] "GET /CLOUDeindex.html HTTP/1.1" 200 -
::1 - - [03/Jul/2026 13:25:41] code 404, message File not found
::1 - - [03/Jul/2026 13:25:41] "GET /brands/hermes.png HTTP/1.1" 404 -
::1 - - [03/Jul/2026 13:25:45] code 404, message File not found
::1 - - [03/Jul/2026 13:25:45] "GET /brands/hermes.png HTTP/1.1" 404 -
::1 - - [03/Jul/2026 13:25:53] "GET /CLOUDeindex.html HTTP/1.1" 200 -
::1 - - [03/Jul/2026 13:25:53] code 404, message File not found
::1 - - [03/Jul/2026 13:25:53] "GET /brands/hermes.png HTTP/1.1" 404 -
::1 - - [03/Jul/2026 13:25:53] code 404, message File not found
::1 - - [03/Jul/2026 13:25:53] "GET /favicon.ico HTTP/1.1" 404 -
::1 - - [03/Jul/2026 13:26:31] code 404, message File not found
::1 - - [03/Jul/2026 13:26:31] "GET /brands/hermes.png HTTP/1.1" 404 -
